<?xml version="1.0" encoding="UTF-8"?>
<!-- Generated by org.testng.reporters.JUnitReportReporter -->
<testsuite hostname="Sudhanshu-Uniyal" failures="0" tests="1" name="com.amazon.testcases.Aws002" time="21.781" errors="0" timestamp="2022-07-26T02:43:44 IST" skipped="0">
  <testcase classname="com.amazon.testcases.Aws002" name="addBookToCart" time="21.781"/>
  <system-out/>
</testsuite> <!-- com.amazon.testcases.Aws002 -->
