<?xml version="1.0" encoding="UTF-8"?>
<!-- Generated by org.testng.reporters.JUnitReportReporter -->
<testsuite hostname="Sudhanshu-Uniyal" failures="0" tests="1" name="com.amazon.testcases.Aws003" time="14.570" errors="0" timestamp="2022-07-26T22:02:43 IST" skipped="0">
  <testcase classname="com.amazon.testcases.Aws003" name="changeLanguage" time="14.570"/>
  <system-out/>
</testsuite> <!-- com.amazon.testcases.Aws003 -->
