<?xml version="1.0" encoding="UTF-8"?>
<!-- Generated by org.testng.reporters.JUnitReportReporter -->
<testsuite hostname="Sudhanshu-Uniyal" failures="0" tests="1" name="com.amazon.testcases.Aws002" time="25.220" errors="0" timestamp="2022-07-26T22:02:43 IST" skipped="0">
  <testcase classname="com.amazon.testcases.Aws002" name="addBookToCart" time="25.220"/>
  <system-out/>
</testsuite> <!-- com.amazon.testcases.Aws002 -->
