<?xml version="1.0" encoding="UTF-8"?>
<!-- Generated by org.testng.reporters.JUnitReportReporter -->
<testsuite hostname="Sudhanshu-Uniyal" failures="0" tests="1" name="com.amazon.testcases.Aws004" time="19.628" errors="0" timestamp="2022-07-26T21:36:56 IST" skipped="0">
  <testcase classname="com.amazon.testcases.Aws004" name="joinPrime" time="19.628"/>
  <system-out/>
</testsuite> <!-- com.amazon.testcases.Aws004 -->
