<?xml version="1.0" encoding="UTF-8"?>
<!-- Generated by org.testng.reporters.JUnitReportReporter -->
<testsuite hostname="Sudhanshu-Uniyal" failures="0" tests="1" name="com.amazon.testcases.Aws001" time="6.545" errors="0" timestamp="2022-07-26T01:55:27 IST" skipped="0">
  <testcase classname="com.amazon.testcases.Aws001" name="verifyHomePageTitle" time="6.545"/>
  <system-out/>
</testsuite> <!-- com.amazon.testcases.Aws001 -->
